<?xml version="1.0" encoding="UTF-8"?>
<!-- Generated by org.testng.reporters.JUnitReportReporter -->
<testsuite ignored="0" hostname="L16SNA0G749375N" failures="0" tests="1" name="cpsat.handson.exercise.testcases.Task_03" time="27.561" errors="0" timestamp="11 Mar 2021 01:36:30 GMT" skipped="0">
  <testcase classname="cpsat.handson.exercise.testcases.Task_03" name="Task_03_A" time="27.561"/>
</testsuite> <!-- cpsat.handson.exercise.testcases.Task_03 -->
